2026-01-05 21:40:46 - __main__ - INFO - ================================================================================
2026-01-05 21:40:46 - __main__ - INFO - 资金穿透与关联排查系统(优化版) - 启动
2026-01-05 21:40:46 - __main__ - INFO - ================================================================================
2026-01-05 21:40:46 - __main__ - INFO - 数据目录: /Volumes/MediaData/project/data
2026-01-05 21:40:46 - __main__ - INFO - 输出目录: /Volumes/MediaData/project/output
2026-01-05 21:40:46 - __main__ - INFO - 
2026-01-05 21:40:46 - __main__ - INFO - 输出目录已创建: output
2026-01-05 21:40:46 - __main__ - INFO - 【阶段0】文件扫描与分类
2026-01-05 21:40:46 - __main__ - INFO - --------------------------------------------------------------------------------
2026-01-05 21:40:46 - file_categorizer - INFO - 开始分类文件: data
2026-01-05 21:40:46 - file_categorizer - INFO - 文件分类完成:
2026-01-05 21:40:46 - file_categorizer - INFO -   核心人员: 4 人
2026-01-05 21:40:46 - file_categorizer - INFO -     - 陈斌: 6 个流水文件
2026-01-05 21:40:46 - file_categorizer - INFO -     - 朱永平: 4 个流水文件
2026-01-05 21:40:46 - file_categorizer - INFO -     - 朱明: 2 个流水文件
2026-01-05 21:40:46 - file_categorizer - INFO -     - 马尚德: 9 个流水文件
2026-01-05 21:40:46 - file_categorizer - INFO -   涉案公司: 3 家
2026-01-05 21:40:46 - file_categorizer - INFO -     - 北京鑫兴航科技有限公司: 1 个流水文件
2026-01-05 21:40:46 - file_categorizer - INFO -     - 贵州锐晶科技有限公司: 1 个流水文件
2026-01-05 21:40:46 - file_categorizer - INFO -     - 北京智晟睿科技有限公司: 1 个流水文件
2026-01-05 21:40:46 - file_categorizer - INFO -   流水文件总计: 24
2026-01-05 21:40:46 - file_categorizer - INFO -   账户文件总计: 27
2026-01-05 21:40:46 - file_categorizer - INFO -   其他文件: 89
2026-01-05 21:40:46 - __main__ - INFO - ✓ 识别核心人员: 4 人 - ['陈斌', '朱永平', '朱明', '马尚德']
2026-01-05 21:40:46 - __main__ - INFO - ✓ 识别涉案公司: 3 家 - ['北京鑫兴航科技有限公司', '贵州锐晶科技有限公司', '北京智晟睿科技有限公司']
2026-01-05 21:40:46 - __main__ - INFO - 
2026-01-05 21:40:46 - __main__ - INFO - 【阶段1】数据清洗与合并
2026-01-05 21:40:46 - __main__ - INFO - --------------------------------------------------------------------------------
2026-01-05 21:40:46 - __main__ - INFO - 
处理个人: 陈斌
2026-01-05 21:40:46 - __main__ - INFO - ============================================================
2026-01-05 21:40:46 - data_cleaner - INFO - 开始清洗合并 陈斌 的数据,共6个文件
2026-01-05 21:40:46 - data_cleaner - INFO - 处理文件: 陈斌_340825200107190410_国监查【2025】第030696号_中国工商银行交易流水.xlsx, 银行: 工商银行
/opt/miniconda3/lib/python3.13/site-packages/openpyxl/styles/stylesheet.py:237: UserWarning: Workbook contains no default style, apply openpyxl's default
  warn("Workbook contains no default style, apply openpyxl's default")
2026-01-05 21:40:47 - data_cleaner - INFO - 标准化银行字段,银行: 工商银行
2026-01-05 21:40:47 - data_cleaner - INFO - 字段标准化完成,有效记录: 1007条
2026-01-05 21:40:47 - data_cleaner - INFO - 开始数据质量验证...
2026-01-05 21:40:47 - data_cleaner - INFO - 数据验证完成: 总计1007条, 有效1007条, 移除0条
2026-01-05 21:40:47 - data_cleaner - INFO - 处理文件: 陈斌_340825200107190410_国监查【2025】第030696号_招商银行股份有限公司交易流水.xlsx, 银行: 招商银行
/opt/miniconda3/lib/python3.13/site-packages/openpyxl/styles/stylesheet.py:237: UserWarning: Workbook contains no default style, apply openpyxl's default
  warn("Workbook contains no default style, apply openpyxl's default")
2026-01-05 21:40:47 - data_cleaner - INFO - 标准化银行字段,银行: 招商银行
2026-01-05 21:40:47 - data_cleaner - INFO - 字段标准化完成,有效记录: 55条
2026-01-05 21:40:47 - data_cleaner - INFO - 开始数据质量验证...
2026-01-05 21:40:47 - data_cleaner - INFO - 数据验证完成: 总计55条, 有效55条, 移除0条
2026-01-05 21:40:47 - data_cleaner - WARNING - 发现1条零金额记录
2026-01-05 21:40:47 - data_cleaner - INFO - 处理文件: 陈斌_340825200107190410_国监查【2025】第030696号_中国建设银行交易流水.xlsx, 银行: 建设银行
/opt/miniconda3/lib/python3.13/site-packages/openpyxl/styles/stylesheet.py:237: UserWarning: Workbook contains no default style, apply openpyxl's default
  warn("Workbook contains no default style, apply openpyxl's default")
2026-01-05 21:40:48 - data_cleaner - INFO - 标准化银行字段,银行: 建设银行
2026-01-05 21:40:49 - data_cleaner - INFO - 字段标准化完成,有效记录: 11572条
2026-01-05 21:40:49 - data_cleaner - INFO - 开始数据质量验证...
2026-01-05 21:40:49 - data_cleaner - INFO - 数据验证完成: 总计11572条, 有效11572条, 移除0条
2026-01-05 21:40:49 - data_cleaner - INFO - 处理文件: 陈斌_340825200107190410_国监查【2025】第030696号_中国农业银行交易流水.xlsx, 银行: 农业银行
/opt/miniconda3/lib/python3.13/site-packages/openpyxl/styles/stylesheet.py:237: UserWarning: Workbook contains no default style, apply openpyxl's default
  warn("Workbook contains no default style, apply openpyxl's default")
2026-01-05 21:40:49 - data_cleaner - INFO - 标准化银行字段,银行: 农业银行
2026-01-05 21:40:49 - data_cleaner - INFO - 字段标准化完成,有效记录: 42条
2026-01-05 21:40:49 - data_cleaner - INFO - 开始数据质量验证...
2026-01-05 21:40:49 - data_cleaner - INFO - 数据验证完成: 总计42条, 有效42条, 移除0条
2026-01-05 21:40:49 - data_cleaner - WARNING - 发现29条零金额记录
2026-01-05 21:40:49 - data_cleaner - INFO - 处理文件: 陈斌_340825200107190410_国监查【2025】第030696号_交通银行股份有限公司交易流水.xlsx, 银行: 交通银行
/opt/miniconda3/lib/python3.13/site-packages/openpyxl/styles/stylesheet.py:237: UserWarning: Workbook contains no default style, apply openpyxl's default
  warn("Workbook contains no default style, apply openpyxl's default")
2026-01-05 21:40:49 - data_cleaner - INFO - 标准化银行字段,银行: 交通银行
2026-01-05 21:40:49 - data_cleaner - INFO - 字段标准化完成,有效记录: 63条
2026-01-05 21:40:49 - data_cleaner - INFO - 开始数据质量验证...
2026-01-05 21:40:49 - data_cleaner - INFO - 数据验证完成: 总计63条, 有效63条, 移除0条
2026-01-05 21:40:49 - data_cleaner - INFO - 处理文件: 陈斌_340825200107190410_国监查【2025】第030696号_中国邮政储蓄银行有限责任公司交易流水.xlsx, 银行: 邮储银行
/opt/miniconda3/lib/python3.13/site-packages/openpyxl/styles/stylesheet.py:237: UserWarning: Workbook contains no default style, apply openpyxl's default
  warn("Workbook contains no default style, apply openpyxl's default")
2026-01-05 21:40:49 - data_cleaner - INFO - 标准化银行字段,银行: 邮储银行
2026-01-05 21:40:49 - data_cleaner - INFO - 字段标准化完成,有效记录: 25条
2026-01-05 21:40:49 - data_cleaner - INFO - 开始数据质量验证...
2026-01-05 21:40:49 - data_cleaner - INFO - 数据验证完成: 总计25条, 有效25条, 移除0条
2026-01-05 21:40:49 - data_cleaner - INFO - 开始去重,原始记录数: 12764
2026-01-05 21:40:49 - data_cleaner - INFO - 去重完成: 原始12764条, 去重8717条, 保留4047条 (去重率: 68.29%)
2026-01-05 21:40:49 - data_cleaner - INFO - 陈斌 清洗合并完成: 6个文件, 12764行 → 4047行
2026-01-05 21:40:49 - __main__ - INFO - ✓ 中间数据已保存: output/cleaned_data/个人/陈斌_合并流水.xlsx
2026-01-05 21:40:49 - __main__ - INFO - 
处理个人: 朱永平
2026-01-05 21:40:49 - __main__ - INFO - ============================================================
2026-01-05 21:40:49 - data_cleaner - INFO - 开始清洗合并 朱永平 的数据,共4个文件
2026-01-05 21:40:49 - data_cleaner - INFO - 处理文件: 朱永平_110108196510022533_国监查【2025】第030696号_中国工商银行交易流水.xlsx, 银行: 工商银行
/opt/miniconda3/lib/python3.13/site-packages/openpyxl/styles/stylesheet.py:237: UserWarning: Workbook contains no default style, apply openpyxl's default
  warn("Workbook contains no default style, apply openpyxl's default")
2026-01-05 21:40:50 - data_cleaner - INFO - 标准化银行字段,银行: 工商银行
2026-01-05 21:40:50 - data_cleaner - INFO - 字段标准化完成,有效记录: 3811条
2026-01-05 21:40:50 - data_cleaner - INFO - 开始数据质量验证...
2026-01-05 21:40:50 - data_cleaner - INFO - 数据验证完成: 总计3811条, 有效3811条, 移除0条
2026-01-05 21:40:50 - data_cleaner - WARNING - 发现3条零金额记录
2026-01-05 21:40:50 - data_cleaner - INFO - 处理文件: 朱永平_110108196510022533_国监查【2025】第030696号_中国建设银行交易流水.xlsx, 银行: 建设银行
/opt/miniconda3/lib/python3.13/site-packages/openpyxl/styles/stylesheet.py:237: UserWarning: Workbook contains no default style, apply openpyxl's default
  warn("Workbook contains no default style, apply openpyxl's default")
2026-01-05 21:40:50 - data_cleaner - INFO - 标准化银行字段,银行: 建设银行
2026-01-05 21:40:50 - data_cleaner - INFO - 字段标准化完成,有效记录: 38条
2026-01-05 21:40:50 - data_cleaner - INFO - 开始数据质量验证...
2026-01-05 21:40:50 - data_cleaner - INFO - 数据验证完成: 总计38条, 有效38条, 移除0条
2026-01-05 21:40:50 - data_cleaner - INFO - 处理文件: 朱永平_110108196510022533_国监查【2025】第030696号_中国农业银行交易流水.xlsx, 银行: 农业银行
/opt/miniconda3/lib/python3.13/site-packages/openpyxl/styles/stylesheet.py:237: UserWarning: Workbook contains no default style, apply openpyxl's default
  warn("Workbook contains no default style, apply openpyxl's default")
2026-01-05 21:40:50 - data_cleaner - INFO - 标准化银行字段,银行: 农业银行
2026-01-05 21:40:50 - data_cleaner - INFO - 字段标准化完成,有效记录: 102条
2026-01-05 21:40:50 - data_cleaner - INFO - 开始数据质量验证...
2026-01-05 21:40:50 - data_cleaner - INFO - 数据验证完成: 总计102条, 有效102条, 移除0条
2026-01-05 21:40:50 - data_cleaner - WARNING - 发现15条零金额记录
2026-01-05 21:40:50 - data_cleaner - INFO - 处理文件: 朱永平_110108196510022533_国监查【2025】第030696号_广东发展银行股份有限公司交易流水.xlsx, 银行: 广发银行
/opt/miniconda3/lib/python3.13/site-packages/openpyxl/styles/stylesheet.py:237: UserWarning: Workbook contains no default style, apply openpyxl's default
  warn("Workbook contains no default style, apply openpyxl's default")
2026-01-05 21:40:50 - data_cleaner - INFO - 标准化银行字段,银行: 广发银行
2026-01-05 21:40:50 - data_cleaner - INFO - 字段标准化完成,有效记录: 15条
2026-01-05 21:40:50 - data_cleaner - INFO - 开始数据质量验证...
2026-01-05 21:40:50 - data_cleaner - INFO - 数据验证完成: 总计15条, 有效15条, 移除0条
2026-01-05 21:40:50 - data_cleaner - INFO - 开始去重,原始记录数: 3966
2026-01-05 21:40:50 - data_cleaner - INFO - 去重完成: 原始3966条, 去重6条, 保留3960条 (去重率: 0.15%)
2026-01-05 21:40:50 - data_cleaner - INFO - 朱永平 清洗合并完成: 4个文件, 3966行 → 3960行
2026-01-05 21:40:50 - __main__ - INFO - ✓ 中间数据已保存: output/cleaned_data/个人/朱永平_合并流水.xlsx
2026-01-05 21:40:50 - __main__ - INFO - 
处理个人: 朱明
2026-01-05 21:40:50 - __main__ - INFO - ============================================================
2026-01-05 21:40:50 - data_cleaner - INFO - 开始清洗合并 朱明 的数据,共2个文件
2026-01-05 21:40:50 - data_cleaner - INFO - 处理文件: 朱明_640381199012140639_国监查【2025】第030696号_交通银行股份有限公司交易流水.xlsx, 银行: 交通银行
/opt/miniconda3/lib/python3.13/site-packages/openpyxl/styles/stylesheet.py:237: UserWarning: Workbook contains no default style, apply openpyxl's default
  warn("Workbook contains no default style, apply openpyxl's default")
2026-01-05 21:40:50 - data_cleaner - INFO - 标准化银行字段,银行: 交通银行
2026-01-05 21:40:50 - data_cleaner - INFO - 字段标准化完成,有效记录: 617条
2026-01-05 21:40:50 - data_cleaner - INFO - 开始数据质量验证...
2026-01-05 21:40:50 - data_cleaner - INFO - 数据验证完成: 总计617条, 有效617条, 移除0条
2026-01-05 21:40:50 - data_cleaner - INFO - 处理文件: 朱明_640381199012140639_国监查【2025】第030696号_中国工商银行交易流水.xlsx, 银行: 工商银行
/opt/miniconda3/lib/python3.13/site-packages/openpyxl/styles/stylesheet.py:237: UserWarning: Workbook contains no default style, apply openpyxl's default
  warn("Workbook contains no default style, apply openpyxl's default")
2026-01-05 21:40:50 - data_cleaner - INFO - 标准化银行字段,银行: 工商银行
2026-01-05 21:40:50 - data_cleaner - INFO - 字段标准化完成,有效记录: 98条
2026-01-05 21:40:50 - data_cleaner - INFO - 开始数据质量验证...
2026-01-05 21:40:50 - data_cleaner - INFO - 数据验证完成: 总计98条, 有效98条, 移除0条
2026-01-05 21:40:50 - data_cleaner - INFO - 开始去重,原始记录数: 715
2026-01-05 21:40:50 - data_cleaner - INFO - 去重完成: 原始715条, 去重5条, 保留710条 (去重率: 0.70%)
2026-01-05 21:40:50 - data_cleaner - INFO - 朱明 清洗合并完成: 2个文件, 715行 → 710行
2026-01-05 21:40:51 - __main__ - INFO - ✓ 中间数据已保存: output/cleaned_data/个人/朱明_合并流水.xlsx
2026-01-05 21:40:51 - __main__ - INFO - 
处理个人: 马尚德
2026-01-05 21:40:51 - __main__ - INFO - ============================================================
2026-01-05 21:40:51 - data_cleaner - INFO - 开始清洗合并 马尚德 的数据,共9个文件
2026-01-05 21:40:51 - data_cleaner - INFO - 处理文件: 马尚德_372922197910112912_国监查【2025】第030696号_中国民生银行股份有限公司交易流水.xlsx, 银行: 民生银行
/opt/miniconda3/lib/python3.13/site-packages/openpyxl/styles/stylesheet.py:237: UserWarning: Workbook contains no default style, apply openpyxl's default
  warn("Workbook contains no default style, apply openpyxl's default")
2026-01-05 21:40:51 - data_cleaner - INFO - 标准化银行字段,银行: 民生银行
2026-01-05 21:40:51 - data_cleaner - INFO - 字段标准化完成,有效记录: 3条
2026-01-05 21:40:51 - data_cleaner - INFO - 开始数据质量验证...
2026-01-05 21:40:51 - data_cleaner - INFO - 数据验证完成: 总计3条, 有效3条, 移除0条
2026-01-05 21:40:51 - data_cleaner - INFO - 处理文件: 马尚德_372922197910112912_国监查【2025】第030696号_上海浦东发展银行股份有限公司交易流水.xlsx, 银行: 浦发银行
/opt/miniconda3/lib/python3.13/site-packages/openpyxl/styles/stylesheet.py:237: UserWarning: Workbook contains no default style, apply openpyxl's default
  warn("Workbook contains no default style, apply openpyxl's default")
2026-01-05 21:40:51 - data_cleaner - INFO - 标准化银行字段,银行: 浦发银行
2026-01-05 21:40:51 - data_cleaner - INFO - 字段标准化完成,有效记录: 2条
2026-01-05 21:40:51 - data_cleaner - INFO - 开始数据质量验证...
2026-01-05 21:40:51 - data_cleaner - ERROR - 缺少日期字段
2026-01-05 21:40:51 - data_cleaner - INFO - 处理文件: 马尚德_372922197910112912_国监查【2025】第030696号_上海银行股份有限公司交易流水.xlsx, 银行: 未知银行
/opt/miniconda3/lib/python3.13/site-packages/openpyxl/styles/stylesheet.py:237: UserWarning: Workbook contains no default style, apply openpyxl's default
  warn("Workbook contains no default style, apply openpyxl's default")
2026-01-05 21:40:51 - data_cleaner - INFO - 标准化银行字段,银行: 未知银行
2026-01-05 21:40:51 - data_cleaner - INFO - 字段标准化完成,有效记录: 63条
2026-01-05 21:40:51 - data_cleaner - INFO - 开始数据质量验证...
2026-01-05 21:40:51 - data_cleaner - INFO - 数据验证完成: 总计63条, 有效63条, 移除0条
2026-01-05 21:40:51 - data_cleaner - INFO - 处理文件: 马尚德_372922197910112912_国监查【2025】第030696号_交通银行股份有限公司交易流水.xlsx, 银行: 交通银行
/opt/miniconda3/lib/python3.13/site-packages/openpyxl/styles/stylesheet.py:237: UserWarning: Workbook contains no default style, apply openpyxl's default
  warn("Workbook contains no default style, apply openpyxl's default")
2026-01-05 21:40:51 - data_cleaner - INFO - 标准化银行字段,银行: 交通银行
2026-01-05 21:40:51 - data_cleaner - INFO - 字段标准化完成,有效记录: 1384条
2026-01-05 21:40:51 - data_cleaner - INFO - 开始数据质量验证...
2026-01-05 21:40:51 - data_cleaner - INFO - 数据验证完成: 总计1384条, 有效1384条, 移除0条
2026-01-05 21:40:51 - data_cleaner - INFO - 处理文件: 马尚德_372922197910112912_国监查【2025】第030696号_中国工商银行交易流水.xlsx, 银行: 工商银行
/opt/miniconda3/lib/python3.13/site-packages/openpyxl/styles/stylesheet.py:237: UserWarning: Workbook contains no default style, apply openpyxl's default
  warn("Workbook contains no default style, apply openpyxl's default")
2026-01-05 21:40:51 - data_cleaner - INFO - 标准化银行字段,银行: 工商银行
2026-01-05 21:40:51 - data_cleaner - INFO - 字段标准化完成,有效记录: 78条
2026-01-05 21:40:51 - data_cleaner - INFO - 开始数据质量验证...
2026-01-05 21:40:51 - data_cleaner - INFO - 数据验证完成: 总计78条, 有效78条, 移除0条
2026-01-05 21:40:51 - data_cleaner - INFO - 处理文件: 马尚德_372922197910112912_国监查【2025】第030696号_中国邮政储蓄银行有限责任公司交易流水.xlsx, 银行: 邮储银行
/opt/miniconda3/lib/python3.13/site-packages/openpyxl/styles/stylesheet.py:237: UserWarning: Workbook contains no default style, apply openpyxl's default
  warn("Workbook contains no default style, apply openpyxl's default")
2026-01-05 21:40:51 - data_cleaner - INFO - 标准化银行字段,银行: 邮储银行
2026-01-05 21:40:51 - data_cleaner - INFO - 字段标准化完成,有效记录: 2条
2026-01-05 21:40:51 - data_cleaner - INFO - 开始数据质量验证...
2026-01-05 21:40:51 - data_cleaner - INFO - 数据验证完成: 总计2条, 有效2条, 移除0条
2026-01-05 21:40:51 - data_cleaner - INFO - 处理文件: 马尚德_372922197910112912_国监查【2025】第030696号_中国银行交易流水.xlsx, 银行: 中国银行
/opt/miniconda3/lib/python3.13/site-packages/openpyxl/styles/stylesheet.py:237: UserWarning: Workbook contains no default style, apply openpyxl's default
  warn("Workbook contains no default style, apply openpyxl's default")
2026-01-05 21:40:51 - data_cleaner - INFO - 标准化银行字段,银行: 中国银行
2026-01-05 21:40:51 - data_cleaner - INFO - 字段标准化完成,有效记录: 1条
2026-01-05 21:40:51 - data_cleaner - INFO - 开始数据质量验证...
2026-01-05 21:40:51 - data_cleaner - INFO - 数据验证完成: 总计1条, 有效1条, 移除0条
2026-01-05 21:40:51 - data_cleaner - INFO - 处理文件: 马尚德_372922197910112912_国监查【2025】第030696号_上海农村商业银行股份有限公司交易流水.xlsx, 银行: 上海农村商业银行
/opt/miniconda3/lib/python3.13/site-packages/openpyxl/styles/stylesheet.py:237: UserWarning: Workbook contains no default style, apply openpyxl's default
  warn("Workbook contains no default style, apply openpyxl's default")
2026-01-05 21:40:51 - data_cleaner - INFO - 标准化银行字段,银行: 上海农村商业银行
2026-01-05 21:40:51 - data_cleaner - INFO - 字段标准化完成,有效记录: 15条
2026-01-05 21:40:51 - data_cleaner - INFO - 开始数据质量验证...
2026-01-05 21:40:51 - data_cleaner - INFO - 数据验证完成: 总计15条, 有效15条, 移除0条
2026-01-05 21:40:51 - data_cleaner - INFO - 处理文件: 马尚德_372922197910112912_国监查【2025】第030696号_中国建设银行交易流水.xlsx, 银行: 建设银行
/opt/miniconda3/lib/python3.13/site-packages/openpyxl/styles/stylesheet.py:237: UserWarning: Workbook contains no default style, apply openpyxl's default
  warn("Workbook contains no default style, apply openpyxl's default")
2026-01-05 21:40:51 - data_cleaner - INFO - 标准化银行字段,银行: 建设银行
2026-01-05 21:40:51 - data_cleaner - INFO - 字段标准化完成,有效记录: 153条
2026-01-05 21:40:51 - data_cleaner - INFO - 开始数据质量验证...
2026-01-05 21:40:51 - data_cleaner - INFO - 数据验证完成: 总计153条, 有效153条, 移除0条
2026-01-05 21:40:51 - data_cleaner - INFO - 开始去重,原始记录数: 1701
2026-01-05 21:40:51 - data_cleaner - INFO - 去重完成: 原始1701条, 去重74条, 保留1627条 (去重率: 4.35%)
2026-01-05 21:40:51 - data_cleaner - INFO - 马尚德 清洗合并完成: 9个文件, 1701行 → 1627行
2026-01-05 21:40:51 - __main__ - INFO - ✓ 中间数据已保存: output/cleaned_data/个人/马尚德_合并流水.xlsx
2026-01-05 21:40:51 - __main__ - INFO - 
处理公司: 北京鑫兴航科技有限公司
2026-01-05 21:40:51 - __main__ - INFO - ============================================================
2026-01-05 21:40:51 - data_cleaner - INFO - 开始清洗合并 北京鑫兴航科技有限公司 的数据,共1个文件
2026-01-05 21:40:51 - data_cleaner - INFO - 处理文件: 北京鑫兴航科技有限公司_91110111MABX4F7F7U_国监查【2025】第030696号_中国工商银行交易流水.xlsx, 银行: 工商银行
/opt/miniconda3/lib/python3.13/site-packages/openpyxl/styles/stylesheet.py:237: UserWarning: Workbook contains no default style, apply openpyxl's default
  warn("Workbook contains no default style, apply openpyxl's default")
2026-01-05 21:40:51 - data_cleaner - INFO - 标准化银行字段,银行: 工商银行
2026-01-05 21:40:51 - data_cleaner - INFO - 字段标准化完成,有效记录: 172条
2026-01-05 21:40:51 - data_cleaner - INFO - 开始数据质量验证...
2026-01-05 21:40:51 - data_cleaner - INFO - 数据验证完成: 总计172条, 有效172条, 移除0条
2026-01-05 21:40:51 - data_cleaner - INFO - 开始去重,原始记录数: 172
2026-01-05 21:40:51 - data_cleaner - INFO - 去重完成: 原始172条, 去重1条, 保留171条 (去重率: 0.58%)
2026-01-05 21:40:51 - data_cleaner - INFO - 北京鑫兴航科技有限公司 清洗合并完成: 1个文件, 172行 → 171行
2026-01-05 21:40:51 - __main__ - INFO - ✓ 中间数据已保存: output/cleaned_data/公司/北京鑫兴航科技有限公司_合并流水.xlsx
2026-01-05 21:40:51 - __main__ - INFO - 
处理公司: 贵州锐晶科技有限公司
2026-01-05 21:40:51 - __main__ - INFO - ============================================================
2026-01-05 21:40:51 - data_cleaner - INFO - 开始清洗合并 贵州锐晶科技有限公司 的数据,共1个文件
2026-01-05 21:40:51 - data_cleaner - INFO - 处理文件: 贵州锐晶科技有限公司_91520303MAAK4M2U3H_国监查【2025】第030696号_中国银行交易流水.xlsx, 银行: 中国银行
/opt/miniconda3/lib/python3.13/site-packages/openpyxl/styles/stylesheet.py:237: UserWarning: Workbook contains no default style, apply openpyxl's default
  warn("Workbook contains no default style, apply openpyxl's default")
2026-01-05 21:40:51 - data_cleaner - INFO - 标准化银行字段,银行: 中国银行
2026-01-05 21:40:51 - data_cleaner - INFO - 字段标准化完成,有效记录: 1289条
2026-01-05 21:40:51 - data_cleaner - INFO - 开始数据质量验证...
2026-01-05 21:40:51 - data_cleaner - INFO - 数据验证完成: 总计1289条, 有效1289条, 移除0条
2026-01-05 21:40:51 - data_cleaner - INFO - 开始去重,原始记录数: 1289
2026-01-05 21:40:51 - data_cleaner - INFO - 去重完成: 原始1289条, 去重4条, 保留1285条 (去重率: 0.31%)
2026-01-05 21:40:51 - data_cleaner - INFO - 贵州锐晶科技有限公司 清洗合并完成: 1个文件, 1289行 → 1285行
2026-01-05 21:40:51 - __main__ - INFO - ✓ 中间数据已保存: output/cleaned_data/公司/贵州锐晶科技有限公司_合并流水.xlsx
2026-01-05 21:40:51 - __main__ - INFO - 
处理公司: 北京智晟睿科技有限公司
2026-01-05 21:40:51 - __main__ - INFO - ============================================================
2026-01-05 21:40:51 - data_cleaner - INFO - 开始清洗合并 北京智晟睿科技有限公司 的数据,共1个文件
2026-01-05 21:40:51 - data_cleaner - INFO - 处理文件: 北京智晟睿科技有限公司_91110111MA00BAEQ6W_国监查【2025】第030696号_中国工商银行交易流水.xlsx, 银行: 工商银行
/opt/miniconda3/lib/python3.13/site-packages/openpyxl/styles/stylesheet.py:237: UserWarning: Workbook contains no default style, apply openpyxl's default
  warn("Workbook contains no default style, apply openpyxl's default")
2026-01-05 21:40:52 - data_cleaner - INFO - 标准化银行字段,银行: 工商银行
2026-01-05 21:40:52 - data_cleaner - INFO - 字段标准化完成,有效记录: 388条
2026-01-05 21:40:52 - data_cleaner - INFO - 开始数据质量验证...
2026-01-05 21:40:52 - data_cleaner - INFO - 数据验证完成: 总计388条, 有效388条, 移除0条
2026-01-05 21:40:52 - data_cleaner - INFO - 开始去重,原始记录数: 388
2026-01-05 21:40:52 - data_cleaner - INFO - 去重完成: 原始388条, 去重0条, 保留388条 (去重率: 0.00%)
2026-01-05 21:40:52 - data_cleaner - INFO - 北京智晟睿科技有限公司 清洗合并完成: 1个文件, 388行 → 388行
2026-01-05 21:40:52 - __main__ - INFO - ✓ 中间数据已保存: output/cleaned_data/公司/北京智晟睿科技有限公司_合并流水.xlsx
2026-01-05 21:40:52 - __main__ - INFO - 
✓ 清洗日志已保存: output/cleaned_data/cleaning_log.xlsx
2026-01-05 21:40:52 - __main__ - INFO - 
2026-01-05 21:40:52 - __main__ - INFO - 【阶段2】线索提取
2026-01-05 21:40:52 - __main__ - INFO - --------------------------------------------------------------------------------
2026-01-05 21:40:52 - data_extractor - INFO - 正在查找线索文件: data
2026-01-05 21:40:52 - data_extractor - INFO - 共找到 0 个线索文件
2026-01-05 21:40:52 - data_extractor - INFO - 汇总提取: 0 个人名, 0 个公司名
2026-01-05 21:40:52 - __main__ - INFO - ✓ 最终核心人员: 4 人 - ['马尚德', '朱明', '朱永平', '陈斌']
2026-01-05 21:40:52 - __main__ - INFO - ✓ 最终涉案公司: 3 家 - ['北京智晟睿科技有限公司', '北京鑫兴航科技有限公司', '贵州锐晶科技有限公司']
2026-01-05 21:40:52 - __main__ - INFO - 
2026-01-05 21:40:52 - __main__ - INFO - 【阶段3】资金画像分析
2026-01-05 21:40:52 - __main__ - INFO - --------------------------------------------------------------------------------
2026-01-05 21:40:52 - financial_profiler - INFO - 正在为 陈斌 生成资金画像...
2026-01-05 21:40:52 - financial_profiler - INFO - 正在计算收支结构...
2026-01-05 21:40:52 - financial_profiler - INFO - 总收入: ¥40.01, 总支出: ¥234.17万, 工资性收入占比: 0.0%
2026-01-05 21:40:52 - financial_profiler - INFO - 正在分析资金去向...
2026-01-05 21:40:52 - financial_profiler - INFO - 第三方支付流出: ¥64.16万, 占总支出: 27.4%
2026-01-05 21:40:52 - financial_profiler - INFO - 正在筛查大额现金(阈值: ¥5.00万)...
2026-01-05 21:40:52 - financial_profiler - INFO - 发现 0 笔大额现金交易
2026-01-05 21:40:52 - financial_profiler - INFO - 陈斌 资金画像生成完成
2026-01-05 21:40:52 - financial_profiler - INFO - 正在为 朱永平 生成资金画像...
2026-01-05 21:40:52 - financial_profiler - INFO - 正在计算收支结构...
2026-01-05 21:40:52 - financial_profiler - INFO - 总收入: ¥47.10万, 总支出: ¥773.23万, 工资性收入占比: 0.0%
2026-01-05 21:40:52 - financial_profiler - INFO - 正在分析资金去向...
2026-01-05 21:40:52 - financial_profiler - INFO - 第三方支付流出: ¥51.38万, 占总支出: 6.6%
2026-01-05 21:40:52 - financial_profiler - INFO - 正在筛查大额现金(阈值: ¥5.00万)...
2026-01-05 21:40:52 - financial_profiler - INFO - 发现 1 笔大额现金交易
2026-01-05 21:40:52 - financial_profiler - INFO - 朱永平 资金画像生成完成
2026-01-05 21:40:52 - financial_profiler - INFO - 正在为 朱明 生成资金画像...
2026-01-05 21:40:52 - financial_profiler - INFO - 正在计算收支结构...
2026-01-05 21:40:52 - financial_profiler - INFO - 总收入: ¥40.42万, 总支出: ¥408.43万, 工资性收入占比: 100.0%
2026-01-05 21:40:52 - financial_profiler - INFO - 正在分析资金去向...
2026-01-05 21:40:52 - financial_profiler - INFO - 第三方支付流出: ¥26.48万, 占总支出: 6.5%
2026-01-05 21:40:52 - financial_profiler - INFO - 正在筛查大额现金(阈值: ¥5.00万)...
2026-01-05 21:40:52 - financial_profiler - INFO - 发现 0 笔大额现金交易
2026-01-05 21:40:52 - financial_profiler - INFO - 朱明 资金画像生成完成
2026-01-05 21:40:52 - financial_profiler - INFO - 正在为 马尚德 生成资金画像...
2026-01-05 21:40:52 - financial_profiler - INFO - 正在计算收支结构...
2026-01-05 21:40:52 - __main__ - ERROR - 系统执行失败: NaTType does not support strftime
Traceback (most recent call last):
  File "/Volumes/MediaData/project/main.py", line 197, in main
    profiles[entity_name] = financial_profiler.generate_profile_report(
                            ~~~~~~~~~~~~~~~~~~~~~~~~~~~~~~~~~~~~~~~~~~^
        df, entity_name
        ^^^^^^^^^^^^^^^
    )
    ^
  File "/Volumes/MediaData/project/financial_profiler.py", line 265, in generate_profile_report
    income_structure = calculate_income_structure(df)
  File "/Volumes/MediaData/project/financial_profiler.py", line 55, in calculate_income_structure
    df['month'] = df['date'].apply(utils.get_month_key)
                  ~~~~~~~~~~~~~~~~^^^^^^^^^^^^^^^^^^^^^
  File "/opt/miniconda3/lib/python3.13/site-packages/pandas/core/series.py", line 4943, in apply
    ).apply()
      ~~~~~^^
  File "/opt/miniconda3/lib/python3.13/site-packages/pandas/core/apply.py", line 1422, in apply
    return self.apply_standard()
           ~~~~~~~~~~~~~~~~~~~^^
  File "/opt/miniconda3/lib/python3.13/site-packages/pandas/core/apply.py", line 1502, in apply_standard
    mapped = obj._map_values(
        mapper=curried, na_action=action, convert=self.convert_dtype
    )
  File "/opt/miniconda3/lib/python3.13/site-packages/pandas/core/base.py", line 923, in _map_values
    return arr.map(mapper, na_action=na_action)
           ~~~~~~~^^^^^^^^^^^^^^^^^^^^^^^^^^^^^
  File "/opt/miniconda3/lib/python3.13/site-packages/pandas/core/arrays/_mixins.py", line 81, in method
    return meth(self, *args, **kwargs)
  File "/opt/miniconda3/lib/python3.13/site-packages/pandas/core/arrays/datetimelike.py", line 763, in map
    result = map_array(self, mapper, na_action=na_action)
  File "/opt/miniconda3/lib/python3.13/site-packages/pandas/core/algorithms.py", line 1743, in map_array
    return lib.map_infer(values, mapper, convert=convert)
           ~~~~~~~~~~~~~^^^^^^^^^^^^^^^^^^^^^^^^^^^^^^^^^
  File "pandas/_libs/lib.pyx", line 2999, in pandas._libs.lib.map_infer
  File "/Volumes/MediaData/project/utils.py", line 324, in get_month_key
    return date.strftime('%Y-%m')
           ~~~~~~~~~~~~~^^^^^^^^^
  File "pandas/_libs/tslibs/nattype.pyx", line 54, in pandas._libs.tslibs.nattype._make_error_func.f
ValueError: NaTType does not support strftime
Traceback (most recent call last):
  File "/Volumes/MediaData/project/main.py", line 309, in <module>
    main(data_dir, output_dir)
    ~~~~^^^^^^^^^^^^^^^^^^^^^^
  File "/Volumes/MediaData/project/main.py", line 197, in main
    profiles[entity_name] = financial_profiler.generate_profile_report(
                            ~~~~~~~~~~~~~~~~~~~~~~~~~~~~~~~~~~~~~~~~~~^
        df, entity_name
        ^^^^^^^^^^^^^^^
    )
    ^
  File "/Volumes/MediaData/project/financial_profiler.py", line 265, in generate_profile_report
    income_structure = calculate_income_structure(df)
  File "/Volumes/MediaData/project/financial_profiler.py", line 55, in calculate_income_structure
    df['month'] = df['date'].apply(utils.get_month_key)
                  ~~~~~~~~~~~~~~~~^^^^^^^^^^^^^^^^^^^^^
  File "/opt/miniconda3/lib/python3.13/site-packages/pandas/core/series.py", line 4943, in apply
    ).apply()
      ~~~~~^^
  File "/opt/miniconda3/lib/python3.13/site-packages/pandas/core/apply.py", line 1422, in apply
    return self.apply_standard()
           ~~~~~~~~~~~~~~~~~~~^^
  File "/opt/miniconda3/lib/python3.13/site-packages/pandas/core/apply.py", line 1502, in apply_standard
    mapped = obj._map_values(
        mapper=curried, na_action=action, convert=self.convert_dtype
    )
  File "/opt/miniconda3/lib/python3.13/site-packages/pandas/core/base.py", line 923, in _map_values
    return arr.map(mapper, na_action=na_action)
           ~~~~~~~^^^^^^^^^^^^^^^^^^^^^^^^^^^^^
  File "/opt/miniconda3/lib/python3.13/site-packages/pandas/core/arrays/_mixins.py", line 81, in method
    return meth(self, *args, **kwargs)
  File "/opt/miniconda3/lib/python3.13/site-packages/pandas/core/arrays/datetimelike.py", line 763, in map
    result = map_array(self, mapper, na_action=na_action)
  File "/opt/miniconda3/lib/python3.13/site-packages/pandas/core/algorithms.py", line 1743, in map_array
    return lib.map_infer(values, mapper, convert=convert)
           ~~~~~~~~~~~~~^^^^^^^^^^^^^^^^^^^^^^^^^^^^^^^^^
  File "pandas/_libs/lib.pyx", line 2999, in pandas._libs.lib.map_infer
  File "/Volumes/MediaData/project/utils.py", line 324, in get_month_key
    return date.strftime('%Y-%m')
           ~~~~~~~~~~~~~^^^^^^^^^
  File "pandas/_libs/tslibs/nattype.pyx", line 54, in pandas._libs.tslibs.nattype._make_error_func.f
ValueError: NaTType does not support strftime
